  main.cpp
c:\users\till\desktop\evanstylergraphicsa2\q2\src\main.cpp(12): warning C4996: 'fopen': This function or variable may be unsafe. Consider using fopen_s instead. To disable deprecation, use _CRT_SECURE_NO_WARNINGS. See online help for details.
  c:\program files (x86)\windows kits\10\include\10.0.15063.0\ucrt\stdio.h(207): note: see declaration of 'fopen'
c:\users\till\desktop\evanstylergraphicsa2\q2\src\main.cpp(104): warning C4244: 'argument': conversion from 'const double' to 'unsigned int', possible loss of data
c:\users\till\desktop\evanstylergraphicsa2\q2\src\main.cpp(125): warning C4244: 'argument': conversion from 'const double' to 'unsigned int', possible loss of data
  Q2_teapot.cpp
c:\users\till\desktop\evanstylergraphicsa2\q2\src\q2_teapot.cpp(54): warning C4996: 'fopen': This function or variable may be unsafe. Consider using fopen_s instead. To disable deprecation, use _CRT_SECURE_NO_WARNINGS. See online help for details.
  c:\program files (x86)\windows kits\10\include\10.0.15063.0\ucrt\stdio.h(207): note: see declaration of 'fopen'
c:\users\till\desktop\evanstylergraphicsa2\q2\src\q2_teapot.cpp(59): warning C4996: 'fscanf': This function or variable may be unsafe. Consider using fscanf_s instead. To disable deprecation, use _CRT_SECURE_NO_WARNINGS. See online help for details.
  c:\program files (x86)\windows kits\10\include\10.0.15063.0\ucrt\stdio.h(1195): note: see declaration of 'fscanf'
c:\users\till\desktop\evanstylergraphicsa2\q2\src\q2_teapot.cpp(61): warning C4996: 'fscanf': This function or variable may be unsafe. Consider using fscanf_s instead. To disable deprecation, use _CRT_SECURE_NO_WARNINGS. See online help for details.
  c:\program files (x86)\windows kits\10\include\10.0.15063.0\ucrt\stdio.h(1195): note: see declaration of 'fscanf'
c:\users\till\desktop\evanstylergraphicsa2\q2\src\q2_teapot.cpp(62): warning C4996: 'fscanf': This function or variable may be unsafe. Consider using fscanf_s instead. To disable deprecation, use _CRT_SECURE_NO_WARNINGS. See online help for details.
  c:\program files (x86)\windows kits\10\include\10.0.15063.0\ucrt\stdio.h(1195): note: see declaration of 'fscanf'
c:\users\till\desktop\evanstylergraphicsa2\q2\src\q2_teapot.cpp(63): warning C4996: 'fscanf': This function or variable may be unsafe. Consider using fscanf_s instead. To disable deprecation, use _CRT_SECURE_NO_WARNINGS. See online help for details.
  c:\program files (x86)\windows kits\10\include\10.0.15063.0\ucrt\stdio.h(1195): note: see declaration of 'fscanf'
c:\users\till\desktop\evanstylergraphicsa2\q2\src\q2_teapot.cpp(64): warning C4996: 'fscanf': This function or variable may be unsafe. Consider using fscanf_s instead. To disable deprecation, use _CRT_SECURE_NO_WARNINGS. See online help for details.
  c:\program files (x86)\windows kits\10\include\10.0.15063.0\ucrt\stdio.h(1195): note: see declaration of 'fscanf'
c:\users\till\desktop\evanstylergraphicsa2\q2\src\q2_teapot.cpp(68): warning C4996: 'fscanf': This function or variable may be unsafe. Consider using fscanf_s instead. To disable deprecation, use _CRT_SECURE_NO_WARNINGS. See online help for details.
  c:\program files (x86)\windows kits\10\include\10.0.15063.0\ucrt\stdio.h(1195): note: see declaration of 'fscanf'
c:\users\till\desktop\evanstylergraphicsa2\q2\src\q2_teapot.cpp(70): warning C4996: 'fscanf': This function or variable may be unsafe. Consider using fscanf_s instead. To disable deprecation, use _CRT_SECURE_NO_WARNINGS. See online help for details.
  c:\program files (x86)\windows kits\10\include\10.0.15063.0\ucrt\stdio.h(1195): note: see declaration of 'fscanf'
c:\users\till\desktop\evanstylergraphicsa2\q2\src\q2_teapot.cpp(102): warning C4244: 'initializing': conversion from 'double' to 'float', possible loss of data
c:\users\till\desktop\evanstylergraphicsa2\q2\src\q2_teapot.cpp(103): warning C4244: 'initializing': conversion from 'double' to 'float', possible loss of data
c:\users\till\desktop\evanstylergraphicsa2\q2\src\q2_teapot.cpp(133): warning C4267: 'argument': conversion from 'size_t' to 'GLsizei', possible loss of data
  Generating Code...
LINK : fatal error LNK1104: cannot open file 'freeglutd.lib'
